<?xml version="1.0" encoding="UTF-8"?>
<testsuite name="com.example.rqchallenge.employees.RqChallengeApplicationTests" tests="1" skipped="0" failures="0" errors="0" timestamp="2024-05-26T18:10:48" hostname="PUNR740-17-VM2" time="0.003">
  <properties/>
  <testcase name="contextLoads()" classname="com.example.rqchallenge.employees.RqChallengeApplicationTests" time="0.003"/>
  <system-out><![CDATA[2024-05-26 11:10:47.625  INFO 50492 --- [    Test worker] .b.t.c.SpringBootTestContextBootstrapper : Neither @ContextConfiguration nor @ContextHierarchy found for test class [com.example.rqchallenge.employees.RqChallengeApplicationTests], using SpringBootContextLoader
2024-05-26 11:10:47.626  INFO 50492 --- [    Test worker] o.s.t.c.support.AbstractContextLoader    : Could not detect default resource locations for test class [com.example.rqchallenge.employees.RqChallengeApplicationTests]: no resource found for suffixes {-context.xml, Context.groovy}.
2024-05-26 11:10:47.627  INFO 50492 --- [    Test worker] t.c.s.AnnotationConfigContextLoaderUtils : Could not detect default configuration classes for test class [com.example.rqchallenge.employees.RqChallengeApplicationTests]: RqChallengeApplicationTests does not declare any static, non-private, non-final, nested classes annotated with @Configuration.
2024-05-26 11:10:47.635  INFO 50492 --- [    Test worker] .b.t.c.SpringBootTestContextBootstrapper : Found @SpringBootConfiguration com.example.rqchallenge.employees.RqChallengeApplication for test class com.example.rqchallenge.employees.RqChallengeApplicationTests
2024-05-26 11:10:47.638  INFO 50492 --- [    Test worker] .b.t.c.SpringBootTestContextBootstrapper : Loaded default TestExecutionListener class names from location [META-INF/spring.factories]: [org.springframework.boot.test.autoconfigure.restdocs.RestDocsTestExecutionListener, org.springframework.boot.test.autoconfigure.web.client.MockRestServiceServerResetTestExecutionListener, org.springframework.boot.test.autoconfigure.web.servlet.MockMvcPrintOnlyOnFailureTestExecutionListener, org.springframework.boot.test.autoconfigure.web.servlet.WebDriverTestExecutionListener, org.springframework.boot.test.autoconfigure.webservices.client.MockWebServiceServerTestExecutionListener, org.springframework.boot.test.mock.mockito.MockitoTestExecutionListener, org.springframework.boot.test.mock.mockito.ResetMocksTestExecutionListener, org.springframework.test.context.web.ServletTestExecutionListener, org.springframework.test.context.support.DirtiesContextBeforeModesTestExecutionListener, org.springframework.test.context.event.ApplicationEventsTestExecutionListener, org.springframework.test.context.support.DependencyInjectionTestExecutionListener, org.springframework.test.context.support.DirtiesContextTestExecutionListener, org.springframework.test.context.transaction.TransactionalTestExecutionListener, org.springframework.test.context.jdbc.SqlScriptsTestExecutionListener, org.springframework.test.context.event.EventPublishingTestExecutionListener]
2024-05-26 11:10:47.639  INFO 50492 --- [    Test worker] .b.t.c.SpringBootTestContextBootstrapper : Using TestExecutionListeners: [org.springframework.test.context.web.ServletTestExecutionListener@1a05ff8e, org.springframework.test.context.support.DirtiesContextBeforeModesTestExecutionListener@251e2f4a, org.springframework.test.context.event.ApplicationEventsTestExecutionListener@1abea1ed, org.springframework.boot.test.mock.mockito.MockitoTestExecutionListener@6f5288c5, org.springframework.boot.test.autoconfigure.SpringBootDependencyInjectionTestExecutionListener@5a9ef32e, org.springframework.test.context.support.DirtiesContextTestExecutionListener@e2ee348, org.springframework.test.context.event.EventPublishingTestExecutionListener@61f08aa9, org.springframework.boot.test.autoconfigure.restdocs.RestDocsTestExecutionListener@1a1f22f2, org.springframework.boot.test.autoconfigure.web.client.MockRestServiceServerResetTestExecutionListener@37b5a51c, org.springframework.boot.test.autoconfigure.web.servlet.MockMvcPrintOnlyOnFailureTestExecutionListener@4e782401, org.springframework.boot.test.autoconfigure.web.servlet.WebDriverTestExecutionListener@2bb84aa5, org.springframework.boot.test.autoconfigure.webservices.client.MockWebServiceServerTestExecutionListener@4853f592, org.springframework.boot.test.mock.mockito.ResetMocksTestExecutionListener@52d434c1]

  .   ____          _            __ _ _
 /\\ / ___'_ __ _ _(_)_ __  __ _ \ \ \ \
( ( )\___ | '_ | '_| | '_ \/ _` | \ \ \ \
 \\/  ___)| |_)| | | | | || (_| |  ) ) ) )
  '  |____| .__|_| |_|_| |_\__, | / / / /
 =========|_|==============|___/=/_/_/_/
 :: Spring Boot ::                (v2.6.1)

2024-05-26 11:10:47.694  WARN 50492 --- [    Test worker] ory$DuplicateJsonObjectContextCustomizer : 

Found multiple occurrences of org.json.JSONObject on the class path:

	jar:file:/E:/Gradle/gradle-7.6/caches/modules-2/files-2.1/org.json/json/20240303/ebb88e8fb5122b7506d5cf1d69f1ccdb790d22a/json-20240303.jar!/org/json/JSONObject.class
	jar:file:/E:/Gradle/gradle-7.6/caches/modules-2/files-2.1/com.vaadin.external.google/android-json/0.0.20131108.vaadin1/fa26d351fe62a6a17f5cda1287c1c6110dec413f/android-json-0.0.20131108.vaadin1.jar!/org/json/JSONObject.class

You may wish to exclude one of them to ensure predictable runtime behavior

2024-05-26 11:10:47.696  INFO 50492 --- [    Test worker] c.e.r.e.RqChallengeApplicationTests      : Starting RqChallengeApplicationTests using Java 11.0.9.1 on punr740-17-vm2 with PID 50492 (started by Administrator in E:\rq\java-employee-challenge)
2024-05-26 11:10:47.696  INFO 50492 --- [    Test worker] c.e.r.e.RqChallengeApplicationTests      : No active profile set, falling back to default profiles: default
2024-05-26 11:10:48.884  INFO 50492 --- [    Test worker] c.e.r.e.RqChallengeApplicationTests      : Started RqChallengeApplicationTests in 1.22 seconds (JVM running for 16.826)
]]></system-out>
  <system-err><![CDATA[]]></system-err>
</testsuite>
