<?xml version="1.0" encoding="UTF-8"?>
<testsuite name="com.example.rqchallenge.employees.controller.EmployeeControllerTest" tests="9" skipped="0" failures="0" errors="0" timestamp="2024-05-26T18:10:49" hostname="PUNR740-17-VM2" time="0.13">
  <properties/>
  <testcase name="testDeleteEmployee()" classname="com.example.rqchallenge.employees.controller.EmployeeControllerTest" time="0.054"/>
  <testcase name="testGetTopTenHighestEarningEmployeeNames()" classname="com.example.rqchallenge.employees.controller.EmployeeControllerTest" time="0.007"/>
  <testcase name="testGetHighestSalaryOfEmployees()" classname="com.example.rqchallenge.employees.controller.EmployeeControllerTest" time="0.005"/>
  <testcase name="testGetEmployeesByNameSearchEmptyResponse()" classname="com.example.rqchallenge.employees.controller.EmployeeControllerTest" time="0.005"/>
  <testcase name="testGetAllEmployeesEmpty()" classname="com.example.rqchallenge.employees.controller.EmployeeControllerTest" time="0.006"/>
  <testcase name="testGetEmployeeById()" classname="com.example.rqchallenge.employees.controller.EmployeeControllerTest" time="0.005"/>
  <testcase name="testCreateEmployee()" classname="com.example.rqchallenge.employees.controller.EmployeeControllerTest" time="0.006"/>
  <testcase name="testGetAllEmployees()" classname="com.example.rqchallenge.employees.controller.EmployeeControllerTest" time="0.005"/>
  <testcase name="testGetEmployeesByNameSearch()" classname="com.example.rqchallenge.employees.controller.EmployeeControllerTest" time="0.006"/>
  <system-out><![CDATA[2024-05-26 11:10:48.913  INFO 50492 --- [    Test worker] .b.t.c.SpringBootTestContextBootstrapper : Neither @ContextConfiguration nor @ContextHierarchy found for test class [com.example.rqchallenge.employees.controller.EmployeeControllerTest], using SpringBootContextLoader
2024-05-26 11:10:48.914  INFO 50492 --- [    Test worker] o.s.t.c.support.AbstractContextLoader    : Could not detect default resource locations for test class [com.example.rqchallenge.employees.controller.EmployeeControllerTest]: no resource found for suffixes {-context.xml, Context.groovy}.
2024-05-26 11:10:48.914  INFO 50492 --- [    Test worker] t.c.s.AnnotationConfigContextLoaderUtils : Could not detect default configuration classes for test class [com.example.rqchallenge.employees.controller.EmployeeControllerTest]: EmployeeControllerTest does not declare any static, non-private, non-final, nested classes annotated with @Configuration.
2024-05-26 11:10:48.923  INFO 50492 --- [    Test worker] .b.t.c.SpringBootTestContextBootstrapper : Found @SpringBootConfiguration com.example.rqchallenge.employees.RqChallengeApplication for test class com.example.rqchallenge.employees.controller.EmployeeControllerTest
2024-05-26 11:10:48.925  INFO 50492 --- [    Test worker] .b.t.c.SpringBootTestContextBootstrapper : Loaded default TestExecutionListener class names from location [META-INF/spring.factories]: [org.springframework.boot.test.autoconfigure.restdocs.RestDocsTestExecutionListener, org.springframework.boot.test.autoconfigure.web.client.MockRestServiceServerResetTestExecutionListener, org.springframework.boot.test.autoconfigure.web.servlet.MockMvcPrintOnlyOnFailureTestExecutionListener, org.springframework.boot.test.autoconfigure.web.servlet.WebDriverTestExecutionListener, org.springframework.boot.test.autoconfigure.webservices.client.MockWebServiceServerTestExecutionListener, org.springframework.boot.test.mock.mockito.MockitoTestExecutionListener, org.springframework.boot.test.mock.mockito.ResetMocksTestExecutionListener, org.springframework.test.context.web.ServletTestExecutionListener, org.springframework.test.context.support.DirtiesContextBeforeModesTestExecutionListener, org.springframework.test.context.event.ApplicationEventsTestExecutionListener, org.springframework.test.context.support.DependencyInjectionTestExecutionListener, org.springframework.test.context.support.DirtiesContextTestExecutionListener, org.springframework.test.context.transaction.TransactionalTestExecutionListener, org.springframework.test.context.jdbc.SqlScriptsTestExecutionListener, org.springframework.test.context.event.EventPublishingTestExecutionListener]
2024-05-26 11:10:48.926  INFO 50492 --- [    Test worker] .b.t.c.SpringBootTestContextBootstrapper : Using TestExecutionListeners: [org.springframework.test.context.web.ServletTestExecutionListener@45430a27, org.springframework.test.context.support.DirtiesContextBeforeModesTestExecutionListener@1b83fac3, org.springframework.test.context.event.ApplicationEventsTestExecutionListener@1500edf3, org.springframework.boot.test.mock.mockito.MockitoTestExecutionListener@759c53e5, org.springframework.boot.test.autoconfigure.SpringBootDependencyInjectionTestExecutionListener@28d37d43, org.springframework.test.context.support.DirtiesContextTestExecutionListener@2c02cf78, org.springframework.test.context.event.EventPublishingTestExecutionListener@3e7fc07e, org.springframework.boot.test.autoconfigure.restdocs.RestDocsTestExecutionListener@29ebaf2f, org.springframework.boot.test.autoconfigure.web.client.MockRestServiceServerResetTestExecutionListener@1a61f634, org.springframework.boot.test.autoconfigure.web.servlet.MockMvcPrintOnlyOnFailureTestExecutionListener@20a2930f, org.springframework.boot.test.autoconfigure.web.servlet.WebDriverTestExecutionListener@609edb55, org.springframework.boot.test.autoconfigure.webservices.client.MockWebServiceServerTestExecutionListener@147892be, org.springframework.boot.test.mock.mockito.ResetMocksTestExecutionListener@13d1653]
2024-05-26 11:10:49.419  INFO 50492 --- [    Test worker] c.e.r.employees.util.RawDataHelper       : Fetching raw data for getTopTenEarningEmployees
2024-05-26 11:10:49.478  INFO 50492 --- [    Test worker] c.e.r.employees.util.RawDataHelper       : Fetching raw data for getAllEmployees
2024-05-26 11:10:49.486  INFO 50492 --- [    Test worker] c.e.r.employees.util.RawDataHelper       : Fetching raw data for getEmployeeByName
]]></system-out>
  <system-err><![CDATA[]]></system-err>
</testsuite>
